[debug] [2023-12-14T07:53:34.931Z] ----------------------------------------------------------------------
[debug] [2023-12-14T07:53:34.933Z] Command:       /usr/local/bin/firebase /Users/leopoldpetit/.cache/firebase/tools/lib/node_modules/firebase-tools/lib/bin/firebase apps:create ios rfid_store (ios) --bundle-id=com.example.rfidStore --json --project=rfid-app-d430f
[debug] [2023-12-14T07:53:34.934Z] CLI Version:   13.0.1
[debug] [2023-12-14T07:53:34.934Z] Platform:      darwin
[debug] [2023-12-14T07:53:34.934Z] Node Version:  v18.5.0
[debug] [2023-12-14T07:53:34.935Z] Time:          Thu Dec 14 2023 08:53:34 GMT+0100 (GMT+01:00)
[debug] [2023-12-14T07:53:34.935Z] ----------------------------------------------------------------------
[debug] 
[debug] [2023-12-14T07:53:34.940Z] > command requires scopes: ["email","openid","https://www.googleapis.com/auth/cloudplatformprojects.readonly","https://www.googleapis.com/auth/firebase","https://www.googleapis.com/auth/cloud-platform"]
[debug] [2023-12-14T07:53:34.940Z] > authorizing via signed-in user (leopoldpetit59@gmail.com)
[info] Create your IOS app in project rfid-app-d430f:
[debug] [2023-12-14T07:53:34.944Z] >>> [apiv2][query] POST https://firebase.googleapis.com/v1beta1/projects/rfid-app-d430f/iosApps [none]
[debug] [2023-12-14T07:53:34.944Z] >>> [apiv2][body] POST https://firebase.googleapis.com/v1beta1/projects/rfid-app-d430f/iosApps {"displayName":"rfid_store (ios)","bundleId":"com.example.rfidStore"}
[debug] [2023-12-14T07:53:35.580Z] <<< [apiv2][status] POST https://firebase.googleapis.com/v1beta1/projects/rfid-app-d430f/iosApps 409
[debug] [2023-12-14T07:53:35.581Z] <<< [apiv2][body] POST https://firebase.googleapis.com/v1beta1/projects/rfid-app-d430f/iosApps {"error":{"code":409,"message":"Requested entity already exists","status":"ALREADY_EXISTS"}}
[debug] [2023-12-14T07:53:35.582Z] HTTP Error: 409, Requested entity already exists
[debug] [2023-12-14T07:53:35.643Z] FirebaseError: HTTP Error: 409, Requested entity already exists
    at responseToError (/Users/leopoldpetit/.cache/firebase/tools/lib/node_modules/firebase-tools/lib/responseToError.js:49:12)
    at RetryOperation._fn (/Users/leopoldpetit/.cache/firebase/tools/lib/node_modules/firebase-tools/lib/apiv2.js:292:77)
    at process.processTicksAndRejections (node:internal/process/task_queues:95:5)
[error] 
[error] Error: Failed to create iOS app for project rfid-app-d430f. See firebase-debug.log for more info.
